[2.601s] DEBUG:colcon:Command line arguments: ['/usr/bin/colcon', 'build', '--packages-select', 'my_ros2_gps_ackermann']
[2.602s] DEBUG:colcon:Parsed command line arguments: Namespace(allow_overriding=[], ament_cmake_args=None, base_paths=['.'], build_base='build', catkin_cmake_args=None, catkin_skip_building_tests=False, cmake_args=None, cmake_clean_cache=False, cmake_clean_first=False, cmake_force_configure=False, cmake_target=None, cmake_target_skip_unavailable=False, continue_on_error=False, event_handlers=None, executor='parallel', ignore_user_meta=False, install_base='install', log_base=None, log_level=None, main=<bound method BuildVerb.main of <colcon_core.verb.build.BuildVerb object at 0x7f9119bbe0>>, merge_install=False, metas=['./colcon.meta'], mixin=None, mixin_files=None, mixin_verb=('build',), packages_above=None, packages_above_and_dependencies=None, packages_above_depth=None, packages_end=None, packages_ignore=None, packages_ignore_regex=None, packages_select=['my_ros2_gps_ackermann'], packages_select_build_failed=False, packages_select_by_dep=None, packages_select_regex=None, packages_select_test_failures=False, packages_skip=None, packages_skip_build_finished=False, packages_skip_by_dep=None, packages_skip_regex=None, packages_skip_test_passed=False, packages_skip_up_to=None, packages_start=None, packages_up_to=None, packages_up_to_regex=None, parallel_workers=4, paths=None, symlink_install=False, test_result_base=None, verb_extension=<colcon_core.verb.build.BuildVerb object at 0x7f9119bbe0>, verb_name='build', verb_parser=<colcon_mixin.mixin.mixin_argument.MixinArgumentDecorator object at 0x7f911a61f0>)
[2.683s] Level 1:colcon.colcon_core.package_discovery:discover_packages(colcon_meta) check parameters
[2.693s] INFO:colcon.colcon_metadata.package_discovery.colcon_meta:Using configuration from '/root/.colcon/metadata/default/Gazebo.meta'
[2.702s] INFO:colcon.colcon_metadata.package_discovery.colcon_meta:Using configuration from '/root/.colcon/metadata/default/fastrtps.meta'
[2.703s] Level 1:colcon.colcon_core.package_discovery:discover_packages(recursive) check parameters
[2.703s] Level 1:colcon.colcon_core.package_discovery:discover_packages(ignore) check parameters
[2.704s] Level 1:colcon.colcon_core.package_discovery:discover_packages(path) check parameters
[2.704s] Level 1:colcon.colcon_core.package_discovery:discover_packages(colcon_meta) discover
[2.705s] Level 1:colcon.colcon_core.package_discovery:discover_packages(recursive) discover
[2.706s] INFO:colcon.colcon_core.package_discovery:Crawling recursively for packages in '/home/projects/ros2_ws/src/my_ros2_gps_ackermann/my_ros2_gps_ackermann'
[2.707s] Level 1:colcon.colcon_core.package_identification:_identify(.) by extensions ['ignore', 'ignore_ament_install']
[2.709s] Level 1:colcon.colcon_core.package_identification:_identify(.) by extension 'ignore'
[2.709s] Level 1:colcon.colcon_core.package_identification:_identify(.) by extension 'ignore_ament_install'
[2.710s] Level 1:colcon.colcon_core.package_identification:_identify(.) by extensions ['colcon_pkg']
[2.711s] Level 1:colcon.colcon_core.package_identification:_identify(.) by extension 'colcon_pkg'
[2.712s] Level 1:colcon.colcon_core.package_identification:_identify(.) by extensions ['colcon_meta']
[2.712s] Level 1:colcon.colcon_core.package_identification:_identify(.) by extension 'colcon_meta'
[2.713s] Level 1:colcon.colcon_core.package_identification:_identify(.) by extensions ['ros']
[2.714s] Level 1:colcon.colcon_core.package_identification:_identify(.) by extension 'ros'
[2.888s] Level 1:colcon.colcon_core.package_identification:_identify(.) by extensions ['cmake', 'python']
[2.889s] Level 1:colcon.colcon_core.package_identification:_identify(.) by extension 'cmake'
[2.890s] Level 1:colcon.colcon_core.package_identification:_identify(.) by extension 'python'
[2.891s] Level 1:colcon.colcon_core.package_identification:_identify(.) by extensions ['python_setup_py']
[2.891s] Level 1:colcon.colcon_core.package_identification:_identify(.) by extension 'python_setup_py'
[2.893s] Level 1:colcon.colcon_core.package_identification:_identify(build) by extensions ['ignore', 'ignore_ament_install']
[2.894s] Level 1:colcon.colcon_core.package_identification:_identify(build) by extension 'ignore'
[2.895s] Level 1:colcon.colcon_core.package_identification:_identify(build) ignored
[2.897s] Level 1:colcon.colcon_core.package_identification:_identify(install) by extensions ['ignore', 'ignore_ament_install']
[2.898s] Level 1:colcon.colcon_core.package_identification:_identify(install) by extension 'ignore'
[2.899s] Level 1:colcon.colcon_core.package_identification:_identify(install) ignored
[2.900s] Level 1:colcon.colcon_core.package_identification:_identify(log) by extensions ['ignore', 'ignore_ament_install']
[2.901s] Level 1:colcon.colcon_core.package_identification:_identify(log) by extension 'ignore'
[2.902s] Level 1:colcon.colcon_core.package_identification:_identify(log) ignored
[2.903s] Level 1:colcon.colcon_core.package_discovery:discover_packages(recursive) using defaults
[2.903s] Level 1:colcon.colcon_core.package_discovery:discover_packages(ignore) discover
[2.904s] Level 1:colcon.colcon_core.package_discovery:discover_packages(ignore) using defaults
[2.904s] Level 1:colcon.colcon_core.package_discovery:discover_packages(path) discover
[2.905s] Level 1:colcon.colcon_core.package_discovery:discover_packages(path) using defaults
[2.915s] WARNING:colcon.colcon_core.package_selection:ignoring unknown package 'my_ros2_gps_ackermann' in --packages-select
[3.340s] INFO:colcon.colcon_core.executor:Executing jobs using 'parallel' executor
[3.371s] DEBUG:colcon.colcon_parallel_executor.executor.parallel:run_until_complete
[3.372s] DEBUG:colcon.colcon_parallel_executor.executor.parallel:closing loop
[3.373s] DEBUG:colcon.colcon_parallel_executor.executor.parallel:loop closed
[3.374s] DEBUG:colcon.colcon_parallel_executor.executor.parallel:run_until_complete finished with '0'
[3.375s] DEBUG:colcon.colcon_core.event_reactor:joining thread
[3.454s] INFO:colcon.colcon_core.plugin_system:Skipping extension 'colcon_notification.desktop_notification.notify_send': Could not find 'notify-send'
[3.456s] INFO:colcon.colcon_core.plugin_system:Skipping extension 'colcon_notification.desktop_notification.terminal_notifier': Not used on non-Darwin systems
[3.457s] INFO:colcon.colcon_core.plugin_system:Skipping extension 'colcon_notification.desktop_notification.win32': Not used on non-Windows systems
[3.457s] INFO:colcon.colcon_notification.desktop_notification:Sending desktop notification using 'notify2'
[3.495s] DEBUG:colcon.colcon_notification.desktop_notification.notify2:Failed to initialize notify2: org.freedesktop.DBus.Error.Spawn.ExecFailed: /usr/bin/dbus-launch terminated abnormally with the following error: Autolaunch error: X11 initialization failed.

[3.497s] DEBUG:colcon.colcon_core.event_reactor:joined thread
[3.557s] INFO:colcon.colcon_core.plugin_system:Skipping extension 'colcon_core.shell.bat': Not used on non-Windows systems
[3.560s] INFO:colcon.colcon_core.shell:Creating prefix script '/home/projects/ros2_ws/src/my_ros2_gps_ackermann/my_ros2_gps_ackermann/install/local_setup.ps1'
[3.575s] INFO:colcon.colcon_core.shell:Creating prefix util module '/home/projects/ros2_ws/src/my_ros2_gps_ackermann/my_ros2_gps_ackermann/install/_local_setup_util_ps1.py'
[3.597s] INFO:colcon.colcon_core.shell:Creating prefix chain script '/home/projects/ros2_ws/src/my_ros2_gps_ackermann/my_ros2_gps_ackermann/install/setup.ps1'
[3.633s] INFO:colcon.colcon_core.shell:Creating prefix script '/home/projects/ros2_ws/src/my_ros2_gps_ackermann/my_ros2_gps_ackermann/install/local_setup.sh'
[3.641s] INFO:colcon.colcon_core.shell:Creating prefix util module '/home/projects/ros2_ws/src/my_ros2_gps_ackermann/my_ros2_gps_ackermann/install/_local_setup_util_sh.py'
[3.646s] INFO:colcon.colcon_core.shell:Creating prefix chain script '/home/projects/ros2_ws/src/my_ros2_gps_ackermann/my_ros2_gps_ackermann/install/setup.sh'
[3.685s] INFO:colcon.colcon_core.shell:Creating prefix script '/home/projects/ros2_ws/src/my_ros2_gps_ackermann/my_ros2_gps_ackermann/install/local_setup.bash'
[3.691s] INFO:colcon.colcon_core.shell:Creating prefix chain script '/home/projects/ros2_ws/src/my_ros2_gps_ackermann/my_ros2_gps_ackermann/install/setup.bash'
[3.728s] INFO:colcon.colcon_core.shell:Creating prefix script '/home/projects/ros2_ws/src/my_ros2_gps_ackermann/my_ros2_gps_ackermann/install/local_setup.zsh'
[3.734s] INFO:colcon.colcon_core.shell:Creating prefix chain script '/home/projects/ros2_ws/src/my_ros2_gps_ackermann/my_ros2_gps_ackermann/install/setup.zsh'
